

***********************************************************************
Fatal NI connect error 12514, connecting to:
 (DESCRIPTION=(CONNECT_DATA=(SID=*)(SERVICE_NAME=MEDISOFT)(CID=(PROGRAM=E:\HoaiAnh\Postgre\Report2007\DLLPrintchidinh\bin\Debug\DLLPrintchidinh.vshost.exe)(HOST=MAY0019)(USER=tc)))(ADDRESS=(PROTOCOL=TCP)(HOST=MEDISOFT)(PORT=1521)))

  VERSION INFORMATION:
	TNS for 32-bit Windows: Version 9.2.0.1.0 - Production
	Windows NT TCP/IP NT Protocol Adapter for 32-bit Windows: Version 9.2.0.1.0 - Production
  Time: 10-AUG-2009 20:28:57
  Tracing not turned on.
  Tns error struct:
    nr err code: 0
    ns main err code: 12564
    TNS-12564: TNS:connection refused
    ns secondary err code: 0
    nt main err code: 0
    nt secondary err code: 0
    nt OS err code: 0


***********************************************************************
Fatal NI connect error 12514, connecting to:
 (DESCRIPTION=(CONNECT_DATA=(SID=*)(SERVICE_NAME=MEDISOFT)(CID=(PROGRAM=E:\HoaiAnh\Postgre\Report2007\DLLPrintchidinh\bin\Debug\DLLPrintchidinh.vshost.exe)(HOST=MAY0019)(USER=tc)))(ADDRESS=(PROTOCOL=TCP)(HOST=MEDISOFT)(PORT=1521)))

  VERSION INFORMATION:
	TNS for 32-bit Windows: Version 9.2.0.1.0 - Production
	Windows NT TCP/IP NT Protocol Adapter for 32-bit Windows: Version 9.2.0.1.0 - Production
  Time: 10-AUG-2009 20:31:09
  Tracing not turned on.
  Tns error struct:
    nr err code: 0
    ns main err code: 12564
    TNS-12564: TNS:connection refused
    ns secondary err code: 0
    nt main err code: 0
    nt secondary err code: 0
    nt OS err code: 0


***********************************************************************
Fatal NI connect error 12514, connecting to:
 (DESCRIPTION=(CONNECT_DATA=(SID=*)(SERVICE_NAME=MEDISOFT)(CID=(PROGRAM=E:\HoaiAnh\Postgre\Report2007\DLLPrintchidinh\bin\Debug\DLLPrintchidinh.vshost.exe)(HOST=MAY0019)(USER=tc)))(ADDRESS=(PROTOCOL=TCP)(HOST=MEDISOFT)(PORT=1521)))

  VERSION INFORMATION:
	TNS for 32-bit Windows: Version 9.2.0.1.0 - Production
	Windows NT TCP/IP NT Protocol Adapter for 32-bit Windows: Version 9.2.0.1.0 - Production
  Time: 10-AUG-2009 20:32:04
  Tracing not turned on.
  Tns error struct:
    nr err code: 0
    ns main err code: 12564
    TNS-12564: TNS:connection refused
    ns secondary err code: 0
    nt main err code: 0
    nt secondary err code: 0
    nt OS err code: 0


***********************************************************************
Fatal NI connect error 12514, connecting to:
 (DESCRIPTION=(CONNECT_DATA=(SID=*)(SERVICE_NAME=MEDISOFT)(CID=(PROGRAM=E:\HoaiAnh\Postgre\Report2007\DLLPrintchidinh\bin\Debug\DLLPrintchidinh.vshost.exe)(HOST=MAY0019)(USER=tc)))(ADDRESS=(PROTOCOL=TCP)(HOST=MEDISOFT)(PORT=1521)))

  VERSION INFORMATION:
	TNS for 32-bit Windows: Version 9.2.0.1.0 - Production
	Windows NT TCP/IP NT Protocol Adapter for 32-bit Windows: Version 9.2.0.1.0 - Production
  Time: 10-AUG-2009 20:32:11
  Tracing not turned on.
  Tns error struct:
    nr err code: 0
    ns main err code: 12564
    TNS-12564: TNS:connection refused
    ns secondary err code: 0
    nt main err code: 0
    nt secondary err code: 0
    nt OS err code: 0


***********************************************************************
Fatal NI connect error 12514, connecting to:
 (DESCRIPTION=(CONNECT_DATA=(SID=*)(SERVICE_NAME=MEDISOFT)(CID=(PROGRAM=E:\HoaiAnh\Postgre\Report2007\DLLPrintchidinh\bin\Debug\DLLPrintchidinh.vshost.exe)(HOST=MAY0019)(USER=tc)))(ADDRESS=(PROTOCOL=TCP)(HOST=MEDISOFT)(PORT=1521)))

  VERSION INFORMATION:
	TNS for 32-bit Windows: Version 9.2.0.1.0 - Production
	Windows NT TCP/IP NT Protocol Adapter for 32-bit Windows: Version 9.2.0.1.0 - Production
  Time: 10-AUG-2009 20:35:56
  Tracing not turned on.
  Tns error struct:
    nr err code: 0
    ns main err code: 12564
    TNS-12564: TNS:connection refused
    ns secondary err code: 0
    nt main err code: 0
    nt secondary err code: 0
    nt OS err code: 0


***********************************************************************
Fatal NI connect error 12514, connecting to:
 (DESCRIPTION=(CONNECT_DATA=(SID=*)(SERVICE_NAME=MEDISOFT)(CID=(PROGRAM=E:\HoaiAnh\Postgre\Report2007\DLLPrintchidinh\bin\Debug\DLLPrintchidinh.vshost.exe)(HOST=MAY0019)(USER=tc)))(ADDRESS=(PROTOCOL=TCP)(HOST=MEDISOFT)(PORT=1521)))

  VERSION INFORMATION:
	TNS for 32-bit Windows: Version 9.2.0.1.0 - Production
	Windows NT TCP/IP NT Protocol Adapter for 32-bit Windows: Version 9.2.0.1.0 - Production
  Time: 10-AUG-2009 20:36:03
  Tracing not turned on.
  Tns error struct:
    nr err code: 0
    ns main err code: 12564
    TNS-12564: TNS:connection refused
    ns secondary err code: 0
    nt main err code: 0
    nt secondary err code: 0
    nt OS err code: 0


***********************************************************************
Fatal NI connect error 12514, connecting to:
 (DESCRIPTION=(CONNECT_DATA=(SID=*)(SERVICE_NAME=MEDISOFT)(CID=(PROGRAM=E:\HoaiAnh\Postgre\Report2007\DLLPrintchidinh\bin\Debug\DLLPrintchidinh.vshost.exe)(HOST=MAY0019)(USER=tc)))(ADDRESS=(PROTOCOL=TCP)(HOST=MEDISOFT)(PORT=1521)))

  VERSION INFORMATION:
	TNS for 32-bit Windows: Version 9.2.0.1.0 - Production
	Windows NT TCP/IP NT Protocol Adapter for 32-bit Windows: Version 9.2.0.1.0 - Production
  Time: 10-AUG-2009 20:49:32
  Tracing not turned on.
  Tns error struct:
    nr err code: 0
    ns main err code: 12564
    TNS-12564: TNS:connection refused
    ns secondary err code: 0
    nt main err code: 0
    nt secondary err code: 0
    nt OS err code: 0


***********************************************************************
Fatal NI connect error 12514, connecting to:
 (DESCRIPTION=(CONNECT_DATA=(SID=*)(SERVICE_NAME=MEDISOFT)(CID=(PROGRAM=E:\HoaiAnh\Postgre\Report2007\DLLPrintchidinh\bin\Debug\DLLPrintchidinh.vshost.exe)(HOST=MAY0019)(USER=tc)))(ADDRESS=(PROTOCOL=TCP)(HOST=MEDISOFT)(PORT=1521)))

  VERSION INFORMATION:
	TNS for 32-bit Windows: Version 9.2.0.1.0 - Production
	Windows NT TCP/IP NT Protocol Adapter for 32-bit Windows: Version 9.2.0.1.0 - Production
  Time: 10-AUG-2009 20:50:29
  Tracing not turned on.
  Tns error struct:
    nr err code: 0
    ns main err code: 12564
    TNS-12564: TNS:connection refused
    ns secondary err code: 0
    nt main err code: 0
    nt secondary err code: 0
    nt OS err code: 0


***********************************************************************
Fatal NI connect error 12514, connecting to:
 (DESCRIPTION=(CONNECT_DATA=(SID=*)(SERVICE_NAME=MEDISOFT)(CID=(PROGRAM=E:\HoaiAnh\Postgre\Report2007\DLLPrintchidinh\bin\Debug\DLLPrintchidinh.vshost.exe)(HOST=MAY0019)(USER=tc)))(ADDRESS=(PROTOCOL=TCP)(HOST=MEDISOFT)(PORT=1521)))

  VERSION INFORMATION:
	TNS for 32-bit Windows: Version 9.2.0.1.0 - Production
	Windows NT TCP/IP NT Protocol Adapter for 32-bit Windows: Version 9.2.0.1.0 - Production
  Time: 10-AUG-2009 20:51:14
  Tracing not turned on.
  Tns error struct:
    nr err code: 0
    ns main err code: 12564
    TNS-12564: TNS:connection refused
    ns secondary err code: 0
    nt main err code: 0
    nt secondary err code: 0
    nt OS err code: 0


***********************************************************************
Fatal NI connect error 12514, connecting to:
 (DESCRIPTION=(CONNECT_DATA=(SID=*)(SERVICE_NAME=MEDISOFT)(CID=(PROGRAM=E:\HoaiAnh\Postgre\Report2007\DLLPrintchidinh\bin\Debug\DLLPrintchidinh.vshost.exe)(HOST=MAY0019)(USER=tc)))(ADDRESS=(PROTOCOL=TCP)(HOST=MEDISOFT)(PORT=1521)))

  VERSION INFORMATION:
	TNS for 32-bit Windows: Version 9.2.0.1.0 - Production
	Windows NT TCP/IP NT Protocol Adapter for 32-bit Windows: Version 9.2.0.1.0 - Production
  Time: 10-AUG-2009 20:51:49
  Tracing not turned on.
  Tns error struct:
    nr err code: 0
    ns main err code: 12564
    TNS-12564: TNS:connection refused
    ns secondary err code: 0
    nt main err code: 0
    nt secondary err code: 0
    nt OS err code: 0


***********************************************************************
Fatal NI connect error 12514, connecting to:
 (DESCRIPTION=(CONNECT_DATA=(SID=*)(SERVICE_NAME=MEDISOFT)(CID=(PROGRAM=E:\HoaiAnh\Postgre\Report2007\DLLPrintchidinh\bin\Debug\DLLPrintchidinh.vshost.exe)(HOST=MAY0019)(USER=tc)))(ADDRESS=(PROTOCOL=TCP)(HOST=MEDISOFT)(PORT=1521)))

  VERSION INFORMATION:
	TNS for 32-bit Windows: Version 9.2.0.1.0 - Production
	Windows NT TCP/IP NT Protocol Adapter for 32-bit Windows: Version 9.2.0.1.0 - Production
  Time: 10-AUG-2009 20:52:04
  Tracing not turned on.
  Tns error struct:
    nr err code: 0
    ns main err code: 12564
    TNS-12564: TNS:connection refused
    ns secondary err code: 0
    nt main err code: 0
    nt secondary err code: 0
    nt OS err code: 0


***********************************************************************
Fatal NI connect error 12514, connecting to:
 (DESCRIPTION=(CONNECT_DATA=(SID=*)(SERVICE_NAME=MEDISOFT)(CID=(PROGRAM=E:\HoaiAnh\Postgre\Report2007\DLLPrintchidinh\bin\Debug\DLLPrintchidinh.vshost.exe)(HOST=MAY0019)(USER=tc)))(ADDRESS=(PROTOCOL=TCP)(HOST=MEDISOFT)(PORT=1521)))

  VERSION INFORMATION:
	TNS for 32-bit Windows: Version 9.2.0.1.0 - Production
	Windows NT TCP/IP NT Protocol Adapter for 32-bit Windows: Version 9.2.0.1.0 - Production
  Time: 10-AUG-2009 20:53:46
  Tracing not turned on.
  Tns error struct:
    nr err code: 0
    ns main err code: 12564
    TNS-12564: TNS:connection refused
    ns secondary err code: 0
    nt main err code: 0
    nt secondary err code: 0
    nt OS err code: 0


***********************************************************************
Fatal NI connect error 12514, connecting to:
 (DESCRIPTION=(CONNECT_DATA=(SID=*)(SERVICE_NAME=MEDISOFT)(CID=(PROGRAM=E:\HoaiAnh\Postgre\Report2007\DLLPrintchidinh\bin\Debug\DLLPrintchidinh.vshost.exe)(HOST=MAY0019)(USER=tc)))(ADDRESS=(PROTOCOL=TCP)(HOST=MEDISOFT)(PORT=1521)))

  VERSION INFORMATION:
	TNS for 32-bit Windows: Version 9.2.0.1.0 - Production
	Windows NT TCP/IP NT Protocol Adapter for 32-bit Windows: Version 9.2.0.1.0 - Production
  Time: 10-AUG-2009 20:53:54
  Tracing not turned on.
  Tns error struct:
    nr err code: 0
    ns main err code: 12564
    TNS-12564: TNS:connection refused
    ns secondary err code: 0
    nt main err code: 0
    nt secondary err code: 0
    nt OS err code: 0


***********************************************************************
Fatal NI connect error 12514, connecting to:
 (DESCRIPTION=(CONNECT_DATA=(SID=*)(SERVICE_NAME=MEDISOFT)(CID=(PROGRAM=E:\HoaiAnh\Postgre\Report2007\DLLPrintchidinh\bin\Debug\DLLPrintchidinh.vshost.exe)(HOST=MAY0019)(USER=tc)))(ADDRESS=(PROTOCOL=TCP)(HOST=MEDISOFT)(PORT=1521)))

  VERSION INFORMATION:
	TNS for 32-bit Windows: Version 9.2.0.1.0 - Production
	Windows NT TCP/IP NT Protocol Adapter for 32-bit Windows: Version 9.2.0.1.0 - Production
  Time: 10-AUG-2009 20:55:05
  Tracing not turned on.
  Tns error struct:
    nr err code: 0
    ns main err code: 12564
    TNS-12564: TNS:connection refused
    ns secondary err code: 0
    nt main err code: 0
    nt secondary err code: 0
    nt OS err code: 0


***********************************************************************
Fatal NI connect error 12514, connecting to:
 (DESCRIPTION=(CONNECT_DATA=(SID=*)(SERVICE_NAME=MEDISOFT)(CID=(PROGRAM=E:\HoaiAnh\Postgre\Report2007\DLLPrintchidinh\bin\Debug\DLLPrintchidinh.vshost.exe)(HOST=MAY0019)(USER=tc)))(ADDRESS=(PROTOCOL=TCP)(HOST=MEDISOFT)(PORT=1521)))

  VERSION INFORMATION:
	TNS for 32-bit Windows: Version 9.2.0.1.0 - Production
	Windows NT TCP/IP NT Protocol Adapter for 32-bit Windows: Version 9.2.0.1.0 - Production
  Time: 10-AUG-2009 20:55:12
  Tracing not turned on.
  Tns error struct:
    nr err code: 0
    ns main err code: 12564
    TNS-12564: TNS:connection refused
    ns secondary err code: 0
    nt main err code: 0
    nt secondary err code: 0
    nt OS err code: 0


***********************************************************************
Fatal NI connect error 12514, connecting to:
 (DESCRIPTION=(CONNECT_DATA=(SID=*)(SERVICE_NAME=MEDISOFT)(CID=(PROGRAM=E:\HoaiAnh\Postgre\Report2007\DLLPrintchidinh\bin\Debug\DLLPrintchidinh.vshost.exe)(HOST=MAY0019)(USER=tc)))(ADDRESS=(PROTOCOL=TCP)(HOST=MEDISOFT)(PORT=1521)))

  VERSION INFORMATION:
	TNS for 32-bit Windows: Version 9.2.0.1.0 - Production
	Windows NT TCP/IP NT Protocol Adapter for 32-bit Windows: Version 9.2.0.1.0 - Production
  Time: 10-AUG-2009 20:58:51
  Tracing not turned on.
  Tns error struct:
    nr err code: 0
    ns main err code: 12564
    TNS-12564: TNS:connection refused
    ns secondary err code: 0
    nt main err code: 0
    nt secondary err code: 0
    nt OS err code: 0


***********************************************************************
Fatal NI connect error 12514, connecting to:
 (DESCRIPTION=(CONNECT_DATA=(SID=*)(SERVICE_NAME=MEDISOFT)(CID=(PROGRAM=E:\HoaiAnh\Postgre\Report2007\DLLPrintchidinh\bin\Debug\DLLPrintchidinh.vshost.exe)(HOST=MAY0019)(USER=tc)))(ADDRESS=(PROTOCOL=TCP)(HOST=MEDISOFT)(PORT=1521)))

  VERSION INFORMATION:
	TNS for 32-bit Windows: Version 9.2.0.1.0 - Production
	Windows NT TCP/IP NT Protocol Adapter for 32-bit Windows: Version 9.2.0.1.0 - Production
  Time: 10-AUG-2009 21:00:03
  Tracing not turned on.
  Tns error struct:
    nr err code: 0
    ns main err code: 12564
    TNS-12564: TNS:connection refused
    ns secondary err code: 0
    nt main err code: 0
    nt secondary err code: 0
    nt OS err code: 0


***********************************************************************
Fatal NI connect error 12514, connecting to:
 (DESCRIPTION=(CONNECT_DATA=(SID=*)(SERVICE_NAME=MEDISOFT)(CID=(PROGRAM=E:\HoaiAnh\Postgre\Report2007\DLLPrintchidinh\bin\Debug\DLLPrintchidinh.vshost.exe)(HOST=MAY0019)(USER=tc)))(ADDRESS=(PROTOCOL=TCP)(HOST=MEDISOFT)(PORT=1521)))

  VERSION INFORMATION:
	TNS for 32-bit Windows: Version 9.2.0.1.0 - Production
	Windows NT TCP/IP NT Protocol Adapter for 32-bit Windows: Version 9.2.0.1.0 - Production
  Time: 10-AUG-2009 21:00:09
  Tracing not turned on.
  Tns error struct:
    nr err code: 0
    ns main err code: 12564
    TNS-12564: TNS:connection refused
    ns secondary err code: 0
    nt main err code: 0
    nt secondary err code: 0
    nt OS err code: 0


***********************************************************************
Fatal NI connect error 12514, connecting to:
 (DESCRIPTION=(CONNECT_DATA=(SID=*)(SERVICE_NAME=MEDISOFT)(CID=(PROGRAM=E:\HoaiAnh\Postgre\Report2007\DLLPrintchidinh\bin\Debug\DLLPrintchidinh.vshost.exe)(HOST=MAY0019)(USER=tc)))(ADDRESS=(PROTOCOL=TCP)(HOST=MEDISOFT)(PORT=1521)))

  VERSION INFORMATION:
	TNS for 32-bit Windows: Version 9.2.0.1.0 - Production
	Windows NT TCP/IP NT Protocol Adapter for 32-bit Windows: Version 9.2.0.1.0 - Production
  Time: 10-AUG-2009 21:01:37
  Tracing not turned on.
  Tns error struct:
    nr err code: 0
    ns main err code: 12564
    TNS-12564: TNS:connection refused
    ns secondary err code: 0
    nt main err code: 0
    nt secondary err code: 0
    nt OS err code: 0


***********************************************************************
Fatal NI connect error 12514, connecting to:
 (DESCRIPTION=(CONNECT_DATA=(SID=*)(SERVICE_NAME=MEDISOFT)(CID=(PROGRAM=E:\HoaiAnh\Postgre\Report2007\DLLPrintchidinh\bin\Debug\DLLPrintchidinh.vshost.exe)(HOST=MAY0019)(USER=tc)))(ADDRESS=(PROTOCOL=TCP)(HOST=MEDISOFT)(PORT=1521)))

  VERSION INFORMATION:
	TNS for 32-bit Windows: Version 9.2.0.1.0 - Production
	Windows NT TCP/IP NT Protocol Adapter for 32-bit Windows: Version 9.2.0.1.0 - Production
  Time: 10-AUG-2009 21:04:35
  Tracing not turned on.
  Tns error struct:
    nr err code: 0
    ns main err code: 12564
    TNS-12564: TNS:connection refused
    ns secondary err code: 0
    nt main err code: 0
    nt secondary err code: 0
    nt OS err code: 0


***********************************************************************
Fatal NI connect error 12514, connecting to:
 (DESCRIPTION=(CONNECT_DATA=(SID=*)(SERVICE_NAME=MEDISOFT)(CID=(PROGRAM=E:\HoaiAnh\Postgre\Report2007\DLLPrintchidinh\bin\Debug\DLLPrintchidinh.vshost.exe)(HOST=MAY0019)(USER=tc)))(ADDRESS=(PROTOCOL=TCP)(HOST=MEDISOFT)(PORT=1521)))

  VERSION INFORMATION:
	TNS for 32-bit Windows: Version 9.2.0.1.0 - Production
	Windows NT TCP/IP NT Protocol Adapter for 32-bit Windows: Version 9.2.0.1.0 - Production
  Time: 10-AUG-2009 21:04:43
  Tracing not turned on.
  Tns error struct:
    nr err code: 0
    ns main err code: 12564
    TNS-12564: TNS:connection refused
    ns secondary err code: 0
    nt main err code: 0
    nt secondary err code: 0
    nt OS err code: 0


***********************************************************************
Fatal NI connect error 12514, connecting to:
 (DESCRIPTION=(CONNECT_DATA=(SID=*)(SERVICE_NAME=MEDISOFT)(CID=(PROGRAM=E:\HoaiAnh\Postgre\Report2007\DLLPrintchidinh\bin\Debug\DLLPrintchidinh.vshost.exe)(HOST=MAY0019)(USER=tc)))(ADDRESS=(PROTOCOL=TCP)(HOST=MEDISOFT)(PORT=1521)))

  VERSION INFORMATION:
	TNS for 32-bit Windows: Version 9.2.0.1.0 - Production
	Windows NT TCP/IP NT Protocol Adapter for 32-bit Windows: Version 9.2.0.1.0 - Production
  Time: 10-AUG-2009 21:05:20
  Tracing not turned on.
  Tns error struct:
    nr err code: 0
    ns main err code: 12564
    TNS-12564: TNS:connection refused
    ns secondary err code: 0
    nt main err code: 0
    nt secondary err code: 0
    nt OS err code: 0


***********************************************************************
Fatal NI connect error 12514, connecting to:
 (DESCRIPTION=(CONNECT_DATA=(SID=*)(SERVICE_NAME=MEDISOFT)(CID=(PROGRAM=E:\HoaiAnh\Postgre\Report2007\DLLPrintchidinh\bin\Debug\DLLPrintchidinh.vshost.exe)(HOST=MAY0019)(USER=tc)))(ADDRESS=(PROTOCOL=TCP)(HOST=MEDISOFT)(PORT=1521)))

  VERSION INFORMATION:
	TNS for 32-bit Windows: Version 9.2.0.1.0 - Production
	Windows NT TCP/IP NT Protocol Adapter for 32-bit Windows: Version 9.2.0.1.0 - Production
  Time: 10-AUG-2009 21:05:57
  Tracing not turned on.
  Tns error struct:
    nr err code: 0
    ns main err code: 12564
    TNS-12564: TNS:connection refused
    ns secondary err code: 0
    nt main err code: 0
    nt secondary err code: 0
    nt OS err code: 0


***********************************************************************
Fatal NI connect error 12514, connecting to:
 (DESCRIPTION=(CONNECT_DATA=(SID=*)(SERVICE_NAME=MEDISOFT)(CID=(PROGRAM=E:\HoaiAnh\Postgre\Report2007\DLLPrintchidinh\bin\Debug\DLLPrintchidinh.vshost.exe)(HOST=MAY0019)(USER=tc)))(ADDRESS=(PROTOCOL=TCP)(HOST=MEDISOFT)(PORT=1521)))

  VERSION INFORMATION:
	TNS for 32-bit Windows: Version 9.2.0.1.0 - Production
	Windows NT TCP/IP NT Protocol Adapter for 32-bit Windows: Version 9.2.0.1.0 - Production
  Time: 10-AUG-2009 21:07:04
  Tracing not turned on.
  Tns error struct:
    nr err code: 0
    ns main err code: 12564
    TNS-12564: TNS:connection refused
    ns secondary err code: 0
    nt main err code: 0
    nt secondary err code: 0
    nt OS err code: 0


***********************************************************************
Fatal NI connect error 12514, connecting to:
 (DESCRIPTION=(CONNECT_DATA=(SID=*)(SERVICE_NAME=MEDISOFT)(CID=(PROGRAM=E:\HoaiAnh\Postgre\Report2007\DLLPrintchidinh\bin\Debug\DLLPrintchidinh.vshost.exe)(HOST=MAY0019)(USER=tc)))(ADDRESS=(PROTOCOL=TCP)(HOST=MEDISOFT)(PORT=1521)))

  VERSION INFORMATION:
	TNS for 32-bit Windows: Version 9.2.0.1.0 - Production
	Windows NT TCP/IP NT Protocol Adapter for 32-bit Windows: Version 9.2.0.1.0 - Production
  Time: 10-AUG-2009 21:07:22
  Tracing not turned on.
  Tns error struct:
    nr err code: 0
    ns main err code: 12564
    TNS-12564: TNS:connection refused
    ns secondary err code: 0
    nt main err code: 0
    nt secondary err code: 0
    nt OS err code: 0


***********************************************************************
Fatal NI connect error 12514, connecting to:
 (DESCRIPTION=(CONNECT_DATA=(SID=*)(SERVICE_NAME=MEDISOFT)(CID=(PROGRAM=E:\HoaiAnh\Postgre\Report2007\DLLPrintchidinh\bin\Debug\DLLPrintchidinh.vshost.exe)(HOST=MAY0019)(USER=tc)))(ADDRESS=(PROTOCOL=TCP)(HOST=MEDISOFT)(PORT=1521)))

  VERSION INFORMATION:
	TNS for 32-bit Windows: Version 9.2.0.1.0 - Production
	Windows NT TCP/IP NT Protocol Adapter for 32-bit Windows: Version 9.2.0.1.0 - Production
  Time: 10-AUG-2009 21:07:28
  Tracing not turned on.
  Tns error struct:
    nr err code: 0
    ns main err code: 12564
    TNS-12564: TNS:connection refused
    ns secondary err code: 0
    nt main err code: 0
    nt secondary err code: 0
    nt OS err code: 0


***********************************************************************
Fatal NI connect error 12514, connecting to:
 (DESCRIPTION=(CONNECT_DATA=(SID=*)(SERVICE_NAME=MEDISOFT)(CID=(PROGRAM=E:\Medisoft_EXE\Medisoft_Postgre\DLLPrintchidinh\bin\Debug\DLLPrintchidinh.vshost.exe)(HOST=MAY0019)(USER=tc)))(ADDRESS=(PROTOCOL=TCP)(HOST=MEDISOFT)(PORT=1521)))

  VERSION INFORMATION:
	TNS for 32-bit Windows: Version 9.2.0.1.0 - Production
	Windows NT TCP/IP NT Protocol Adapter for 32-bit Windows: Version 9.2.0.1.0 - Production
  Time: 10-AUG-2009 21:08:53
  Tracing not turned on.
  Tns error struct:
    nr err code: 0
    ns main err code: 12564
    TNS-12564: TNS:connection refused
    ns secondary err code: 0
    nt main err code: 0
    nt secondary err code: 0
    nt OS err code: 0


***********************************************************************
Fatal NI connect error 12514, connecting to:
 (DESCRIPTION=(CONNECT_DATA=(SID=*)(SERVICE_NAME=MEDISOFT)(CID=(PROGRAM=E:\Medisoft_EXE\Medisoft_Postgre\DLLPrintchidinh\bin\Debug\DLLPrintchidinh.vshost.exe)(HOST=MAY0019)(USER=tc)))(ADDRESS=(PROTOCOL=TCP)(HOST=MEDISOFT)(PORT=1521)))

  VERSION INFORMATION:
	TNS for 32-bit Windows: Version 9.2.0.1.0 - Production
	Windows NT TCP/IP NT Protocol Adapter for 32-bit Windows: Version 9.2.0.1.0 - Production
  Time: 10-AUG-2009 21:09:01
  Tracing not turned on.
  Tns error struct:
    nr err code: 0
    ns main err code: 12564
    TNS-12564: TNS:connection refused
    ns secondary err code: 0
    nt main err code: 0
    nt secondary err code: 0
    nt OS err code: 0


***********************************************************************
Fatal NI connect error 12514, connecting to:
 (DESCRIPTION=(CONNECT_DATA=(SID=*)(SERVICE_NAME=MEDISOFT)(CID=(PROGRAM=E:\Medisoft_PostgreSQL\DLLPrintchidinh\bin\Debug\DLLPrintchidinh.vshost.exe)(HOST=MAY0019)(USER=tc)))(ADDRESS=(PROTOCOL=TCP)(HOST=MEDISOFT)(PORT=1521)))

  VERSION INFORMATION:
	TNS for 32-bit Windows: Version 9.2.0.1.0 - Production
	Windows NT TCP/IP NT Protocol Adapter for 32-bit Windows: Version 9.2.0.1.0 - Production
  Time: 10-AUG-2009 21:11:15
  Tracing not turned on.
  Tns error struct:
    nr err code: 0
    ns main err code: 12564
    TNS-12564: TNS:connection refused
    ns secondary err code: 0
    nt main err code: 0
    nt secondary err code: 0
    nt OS err code: 0


***********************************************************************
Fatal NI connect error 12514, connecting to:
 (DESCRIPTION=(CONNECT_DATA=(SID=*)(SERVICE_NAME=MEDISOFT)(CID=(PROGRAM=E:\Medisoft_PostgreSQL\DLLPrintchidinh\bin\Debug\DLLPrintchidinh.vshost.exe)(HOST=MAY0019)(USER=tc)))(ADDRESS=(PROTOCOL=TCP)(HOST=MEDISOFT)(PORT=1521)))

  VERSION INFORMATION:
	TNS for 32-bit Windows: Version 9.2.0.1.0 - Production
	Windows NT TCP/IP NT Protocol Adapter for 32-bit Windows: Version 9.2.0.1.0 - Production
  Time: 10-AUG-2009 21:12:17
  Tracing not turned on.
  Tns error struct:
    nr err code: 0
    ns main err code: 12564
    TNS-12564: TNS:connection refused
    ns secondary err code: 0
    nt main err code: 0
    nt secondary err code: 0
    nt OS err code: 0


***********************************************************************
Fatal NI connect error 12514, connecting to:
 (DESCRIPTION=(CONNECT_DATA=(SID=*)(SERVICE_NAME=MEDISOFT)(CID=(PROGRAM=E:\Medisoft_PostgreSQL\DLLPrintchidinh\bin\Debug\DLLPrintchidinh.vshost.exe)(HOST=MAY0019)(USER=tc)))(ADDRESS=(PROTOCOL=TCP)(HOST=MEDISOFT)(PORT=1521)))

  VERSION INFORMATION:
	TNS for 32-bit Windows: Version 9.2.0.1.0 - Production
	Windows NT TCP/IP NT Protocol Adapter for 32-bit Windows: Version 9.2.0.1.0 - Production
  Time: 10-AUG-2009 21:12:26
  Tracing not turned on.
  Tns error struct:
    nr err code: 0
    ns main err code: 12564
    TNS-12564: TNS:connection refused
    ns secondary err code: 0
    nt main err code: 0
    nt secondary err code: 0
    nt OS err code: 0


***********************************************************************
Fatal NI connect error 12514, connecting to:
 (DESCRIPTION=(CONNECT_DATA=(SID=*)(SERVICE_NAME=MEDISOFT)(CID=(PROGRAM=E:\Medisoft_PostgreSQL\DLLPrintchidinh\bin\Debug\DLLPrintchidinh.vshost.exe)(HOST=MAY0019)(USER=tc)))(ADDRESS=(PROTOCOL=TCP)(HOST=MEDISOFT)(PORT=1521)))

  VERSION INFORMATION:
	TNS for 32-bit Windows: Version 9.2.0.1.0 - Production
	Windows NT TCP/IP NT Protocol Adapter for 32-bit Windows: Version 9.2.0.1.0 - Production
  Time: 10-AUG-2009 21:14:25
  Tracing not turned on.
  Tns error struct:
    nr err code: 0
    ns main err code: 12564
    TNS-12564: TNS:connection refused
    ns secondary err code: 0
    nt main err code: 0
    nt secondary err code: 0
    nt OS err code: 0


***********************************************************************
Fatal NI connect error 12514, connecting to:
 (DESCRIPTION=(CONNECT_DATA=(SID=*)(SERVICE_NAME=medisoft)(CID=(PROGRAM=E:\Medisoft_PostgreSQL\DLLPrintchidinh\bin\Debug\DLLPrintchidinh.vshost.exe)(HOST=MAY0019)(USER=tc)))(ADDRESS=(PROTOCOL=TCP)(HOST=medisoft)(PORT=1521)))

  VERSION INFORMATION:
	TNS for 32-bit Windows: Version 9.2.0.1.0 - Production
	Windows NT TCP/IP NT Protocol Adapter for 32-bit Windows: Version 9.2.0.1.0 - Production
  Time: 10-AUG-2009 21:14:25
  Tracing not turned on.
  Tns error struct:
    nr err code: 0
    ns main err code: 12564
    TNS-12564: TNS:connection refused
    ns secondary err code: 0
    nt main err code: 0
    nt secondary err code: 0
    nt OS err code: 0


***********************************************************************
Fatal NI connect error 12514, connecting to:
 (DESCRIPTION=(CONNECT_DATA=(SID=*)(SERVICE_NAME=medisoft)(CID=(PROGRAM=E:\Medisoft_PostgreSQL\DLLPrintchidinh\bin\Debug\DLLPrintchidinh.vshost.exe)(HOST=MAY0019)(USER=tc)))(ADDRESS=(PROTOCOL=TCP)(HOST=medisoft)(PORT=1521)))

  VERSION INFORMATION:
	TNS for 32-bit Windows: Version 9.2.0.1.0 - Production
	Windows NT TCP/IP NT Protocol Adapter for 32-bit Windows: Version 9.2.0.1.0 - Production
  Time: 10-AUG-2009 21:17:14
  Tracing not turned on.
  Tns error struct:
    nr err code: 0
    ns main err code: 12564
    TNS-12564: TNS:connection refused
    ns secondary err code: 0
    nt main err code: 0
    nt secondary err code: 0
    nt OS err code: 0


***********************************************************************
Fatal NI connect error 12514, connecting to:
 (DESCRIPTION=(CONNECT_DATA=(SID=*)(SERVICE_NAME=MEDISOFT)(CID=(PROGRAM=E:\Medisoft_PostgreSQL\DLLPrintchidinh\bin\Debug\DLLPrintchidinh.vshost.exe)(HOST=MAY0019)(USER=tc)))(ADDRESS=(PROTOCOL=TCP)(HOST=MEDISOFT)(PORT=1521)))

  VERSION INFORMATION:
	TNS for 32-bit Windows: Version 9.2.0.1.0 - Production
	Windows NT TCP/IP NT Protocol Adapter for 32-bit Windows: Version 9.2.0.1.0 - Production
  Time: 10-AUG-2009 21:20:35
  Tracing not turned on.
  Tns error struct:
    nr err code: 0
    ns main err code: 12564
    TNS-12564: TNS:connection refused
    ns secondary err code: 0
    nt main err code: 0
    nt secondary err code: 0
    nt OS err code: 0


***********************************************************************
Fatal NI connect error 12514, connecting to:
 (DESCRIPTION=(CONNECT_DATA=(SID=*)(SERVICE_NAME=medisoft)(CID=(PROGRAM=E:\Medisoft_PostgreSQL\DLLPrintchidinh\bin\Debug\DLLPrintchidinh.vshost.exe)(HOST=MAY0019)(USER=tc)))(ADDRESS=(PROTOCOL=TCP)(HOST=medisoft)(PORT=1521)))

  VERSION INFORMATION:
	TNS for 32-bit Windows: Version 9.2.0.1.0 - Production
	Windows NT TCP/IP NT Protocol Adapter for 32-bit Windows: Version 9.2.0.1.0 - Production
  Time: 10-AUG-2009 21:20:38
  Tracing not turned on.
  Tns error struct:
    nr err code: 0
    ns main err code: 12564
    TNS-12564: TNS:connection refused
    ns secondary err code: 0
    nt main err code: 0
    nt secondary err code: 0
    nt OS err code: 0


***********************************************************************
Fatal NI connect error 12514, connecting to:
 (DESCRIPTION=(CONNECT_DATA=(SID=*)(SERVICE_NAME=MEDISOFT)(CID=(PROGRAM=E:\Medisoft_PostgreSQL\DLLPrintchidinh\bin\Debug\DLLPrintchidinh.vshost.exe)(HOST=MAY0019)(USER=tc)))(ADDRESS=(PROTOCOL=TCP)(HOST=MEDISOFT)(PORT=1521)))

  VERSION INFORMATION:
	TNS for 32-bit Windows: Version 9.2.0.1.0 - Production
	Windows NT TCP/IP NT Protocol Adapter for 32-bit Windows: Version 9.2.0.1.0 - Production
  Time: 10-AUG-2009 21:20:43
  Tracing not turned on.
  Tns error struct:
    nr err code: 0
    ns main err code: 12564
    TNS-12564: TNS:connection refused
    ns secondary err code: 0
    nt main err code: 0
    nt secondary err code: 0
    nt OS err code: 0


***********************************************************************
Fatal NI connect error 12514, connecting to:
 (DESCRIPTION=(CONNECT_DATA=(SID=*)(SERVICE_NAME=MEDISOFT)(CID=(PROGRAM=E:\Medisoft_PostgreSQL\DLLPrintchidinh\bin\Debug\DLLPrintchidinh.vshost.exe)(HOST=MAY0019)(USER=tc)))(ADDRESS=(PROTOCOL=TCP)(HOST=MEDISOFT)(PORT=1521)))

  VERSION INFORMATION:
	TNS for 32-bit Windows: Version 9.2.0.1.0 - Production
	Windows NT TCP/IP NT Protocol Adapter for 32-bit Windows: Version 9.2.0.1.0 - Production
  Time: 10-AUG-2009 21:21:13
  Tracing not turned on.
  Tns error struct:
    nr err code: 0
    ns main err code: 12564
    TNS-12564: TNS:connection refused
    ns secondary err code: 0
    nt main err code: 0
    nt secondary err code: 0
    nt OS err code: 0


***********************************************************************
Fatal NI connect error 12514, connecting to:
 (DESCRIPTION=(CONNECT_DATA=(SID=*)(SERVICE_NAME=medisoft)(CID=(PROGRAM=E:\Medisoft_PostgreSQL\DLLPrintchidinh\bin\Debug\DLLPrintchidinh.vshost.exe)(HOST=MAY0019)(USER=tc)))(ADDRESS=(PROTOCOL=TCP)(HOST=medisoft)(PORT=1521)))

  VERSION INFORMATION:
	TNS for 32-bit Windows: Version 9.2.0.1.0 - Production
	Windows NT TCP/IP NT Protocol Adapter for 32-bit Windows: Version 9.2.0.1.0 - Production
  Time: 10-AUG-2009 21:21:14
  Tracing not turned on.
  Tns error struct:
    nr err code: 0
    ns main err code: 12564
    TNS-12564: TNS:connection refused
    ns secondary err code: 0
    nt main err code: 0
    nt secondary err code: 0
    nt OS err code: 0


***********************************************************************
Fatal NI connect error 12514, connecting to:
 (DESCRIPTION=(CONNECT_DATA=(SID=*)(SERVICE_NAME=MEDISOFT)(CID=(PROGRAM=E:\Medisoft_PostgreSQL\DLLPrintchidinh\bin\Debug\DLLPrintchidinh.vshost.exe)(HOST=MAY0019)(USER=tc)))(ADDRESS=(PROTOCOL=TCP)(HOST=MEDISOFT)(PORT=1521)))

  VERSION INFORMATION:
	TNS for 32-bit Windows: Version 9.2.0.1.0 - Production
	Windows NT TCP/IP NT Protocol Adapter for 32-bit Windows: Version 9.2.0.1.0 - Production
  Time: 10-AUG-2009 21:21:25
  Tracing not turned on.
  Tns error struct:
    nr err code: 0
    ns main err code: 12564
    TNS-12564: TNS:connection refused
    ns secondary err code: 0
    nt main err code: 0
    nt secondary err code: 0
    nt OS err code: 0


***********************************************************************
Fatal NI connect error 12514, connecting to:
 (DESCRIPTION=(CONNECT_DATA=(SID=*)(SERVICE_NAME=MEDISOFT)(CID=(PROGRAM=E:\Medisoft_PostgreSQL\DLLPrintchidinh\bin\Debug\DLLPrintchidinh.vshost.exe)(HOST=MAY0019)(USER=tc)))(ADDRESS=(PROTOCOL=TCP)(HOST=MEDISOFT)(PORT=1521)))

  VERSION INFORMATION:
	TNS for 32-bit Windows: Version 9.2.0.1.0 - Production
	Windows NT TCP/IP NT Protocol Adapter for 32-bit Windows: Version 9.2.0.1.0 - Production
  Time: 10-AUG-2009 21:21:59
  Tracing not turned on.
  Tns error struct:
    nr err code: 0
    ns main err code: 12564
    TNS-12564: TNS:connection refused
    ns secondary err code: 0
    nt main err code: 0
    nt secondary err code: 0
    nt OS err code: 0


***********************************************************************
Fatal NI connect error 12514, connecting to:
 (DESCRIPTION=(CONNECT_DATA=(SID=*)(SERVICE_NAME=MEDISOFT)(CID=(PROGRAM=E:\Medisoft_PostgreSQL\DLLPrintchidinh\bin\Debug\DLLPrintchidinh.vshost.exe)(HOST=MAY0019)(USER=tc)))(ADDRESS=(PROTOCOL=TCP)(HOST=MEDISOFT)(PORT=1521)))

  VERSION INFORMATION:
	TNS for 32-bit Windows: Version 9.2.0.1.0 - Production
	Windows NT TCP/IP NT Protocol Adapter for 32-bit Windows: Version 9.2.0.1.0 - Production
  Time: 10-AUG-2009 21:22:45
  Tracing not turned on.
  Tns error struct:
    nr err code: 0
    ns main err code: 12564
    TNS-12564: TNS:connection refused
    ns secondary err code: 0
    nt main err code: 0
    nt secondary err code: 0
    nt OS err code: 0
